<?xml version="1.0" encoding="UTF-8"?>
<!-- Generated by org.testng.reporters.JUnitXMLReporter -->
<testsuite ignored="0" hostname="DESKTOP-4V6UVON" failures="1" tests="10" name="Test" time="18.934" errors="0" timestamp="2022-12-10T10:32:24 IST">
  <testcase classname="ApiTest.book" name="creatBooing" time="4.803"/>
  <testcase classname="ApiTest.book" name="Namevalidation" time="1.455"/>
  <testcase classname="ApiTest.book" name="totalprice" time="1.679"/>
  <testcase classname="ApiTest.book" name="depositpaid" time="1.501"/>
  <testcase classname="ApiTest.book" name="additionalneeds" time="1.433"/>
  <testcase classname="ApiTest.book" name="sameDate" time="1.436"/>
  <testcase classname="ApiTest.book" name="WrongdateFormate" time="1.775"/>
  <testcase classname="ApiTest.book" name="checkinBlank" time="1.553"/>
  <testcase classname="ApiTest.book" name="depositpaidFalse" time="1.587">
    <failure type="java.lang.AssertionError" message="1 expectation failed.
JSON path booking.depositpaid doesn&amp;apos;t match.
Expected: &amp;lt;false&amp;gt;
  Actual: &amp;lt;true&amp;gt;
">
      <![CDATA[java.lang.AssertionError: 1 expectation failed.
JSON path booking.depositpaid doesn't match.
Expected: <false>
  Actual: <true>

at org.codehaus.groovy.runtime.callsite.ConstructorSite$ConstructorSiteNoUnwrapNoCoerce.callConstructor(ConstructorSite.java:108)
at org.codehaus.groovy.runtime.callsite.CallSiteArray.defaultCallConstructor(CallSiteArray.java:58)
at org.codehaus.groovy.runtime.callsite.AbstractCallSite.callConstructor(AbstractCallSite.java:263)
at org.codehaus.groovy.runtime.callsite.AbstractCallSite.callConstructor(AbstractCallSite.java:277)
at io.restassured.internal.ResponseSpecificationImpl$HamcrestAssertionClosure.validate(ResponseSpecificationImpl.groovy:512)
at io.restassured.internal.ResponseSpecificationImpl$HamcrestAssertionClosure$validate$1.call(Unknown Source)
at io.restassured.internal.ResponseSpecificationImpl.validateResponseIfRequired(ResponseSpecificationImpl.groovy:696)
at io.restassured.internal.ResponseSpecificationImpl.this$2$validateResponseIfRequired(ResponseSpecificationImpl.groovy)
at org.codehaus.groovy.runtime.callsite.PlainObjectMetaMethodSite.doInvoke(PlainObjectMetaMethodSite.java:43)
at org.codehaus.groovy.runtime.callsite.PogoMetaMethodSite$PogoCachedMethodSiteNoUnwrapNoCoerce.invoke(PogoMetaMethodSite.java:198)
at org.codehaus.groovy.runtime.callsite.PogoMetaMethodSite.callCurrent(PogoMetaMethodSite.java:62)
at org.codehaus.groovy.runtime.callsite.AbstractCallSite.callCurrent(AbstractCallSite.java:185)
at io.restassured.internal.ResponseSpecificationImpl.body(ResponseSpecificationImpl.groovy:270)
at io.restassured.specification.ResponseSpecification$body$2.callCurrent(Unknown Source)
at io.restassured.internal.ResponseSpecificationImpl.body(ResponseSpecificationImpl.groovy:117)
at io.restassured.internal.ValidatableResponseOptionsImpl.body(ValidatableResponseOptionsImpl.java:244)
at ApiTest.book.depositpaidFalse(book.java:115)
at java.base/java.util.ArrayList.forEach(ArrayList.java:1511)
... Removed 36 stack frames]]>
    </failure>
  </testcase> <!-- depositpaidFalse -->
  <testcase classname="ApiTest.book" name="checkoutBlank" time="1.623"/>
</testsuite> <!-- Test -->
